HBox(children=(HTML(value='Epoch'), FloatProgress(value=0.0, max=4.0), HTML(value='')))
HBox(children=(HTML(value='Iteration'), FloatProgress(value=0.0, max=175.0), HTML(value='')))



======== GPU REPORT ========

==============NVSMI LOG==============

Timestamp                                 : Mon Mar  1 10:32:15 2021
Driver Version                            : 450.66
CUDA Version                              : 11.0

Attached GPUs                             : 1
GPU 00000000:06:00.0
    Accounting Mode                       : Enabled
    Accounting Mode Buffer Size           : 4000
    Accounted Processes
        Process ID                        : 56632
            GPU Utilization               : 0 %
            Memory Utilization            : 0 %
            Max memory usage              : 1541 MiB
            Time                          : 26303 ms
            Is Running                    : 0

Mon Mar  1 10:32:15 2021       
+-----------------------------------------------------------------------------+
| NVIDIA-SMI 450.66       Driver Version: 450.66       CUDA Version: 11.0     |
|-------------------------------+----------------------+----------------------+
| GPU  Name        Persistence-M| Bus-Id        Disp.A | Volatile Uncorr. ECC |
| Fan  Temp  Perf  Pwr:Usage/Cap|         Memory-Usage | GPU-Util  Compute M. |
|                               |                      |               MIG M. |
|===============================+======================+======================|
|   0  Tesla V100-SXM2...  On   | 00000000:06:00.0 Off |                    0 |
| N/A   26C    P0    56W / 300W |      0MiB / 16160MiB |     28%      Default |
|                               |                      |                  N/A |
+-------------------------------+----------------------+----------------------+
                                                                               
+-----------------------------------------------------------------------------+
| Processes:                                                                  |
|  GPU   GI   CI        PID   Type   Process name                  GPU Memory |
|        ID   ID                                                   Usage      |
|=============================================================================|
|  No running processes found                                                 |
+-----------------------------------------------------------------------------+
